<?xml version="1.0" encoding="UTF-8"?>
<!-- Generated by org.testng.reporters.JUnitReportReporter -->
<testsuite hostname="Rahuls-MacBook-Pro.local" failures="0" tests="3" name="com.tests.LoginTest" time="0.211" errors="0" timestamp="28 Jun 2021 18:00:00 GMT" skipped="0">
  <testcase classname="com.tests.LoginTest" name="emailPhoneField" time="0.161"/>
  <testcase classname="com.tests.LoginTest" name="nextButton" time="0.040"/>
  <testcase classname="com.tests.LoginTest" name="titleTest" time="0.010"/>
</testsuite> <!-- com.tests.LoginTest -->
