<?xml version="1.0" encoding="UTF-8"?>
<!-- Generated by org.testng.reporters.JUnitReportReporter -->
<testsuite hostname="Rahuls-MacBook-Pro.local" failures="0" tests="3" name="com.tests.GoogleLoginPageTest" time="0.382" errors="0" timestamp="28 Jun 2021 18:23:01 GMT" skipped="0">
  <testcase classname="com.tests.GoogleLoginPageTest" name="titleTest" time="0.049"/>
  <testcase classname="com.tests.GoogleLoginPageTest" name="emailPhoneField" time="0.228"/>
  <testcase classname="com.tests.GoogleLoginPageTest" name="nextButton" time="0.105"/>
</testsuite> <!-- com.tests.GoogleLoginPageTest -->
